<?xml version="1.0" encoding="UTF-8"?>
<!-- Generated by org.testng.reporters.JUnitReportReporter -->
<testsuite hostname="DESKTOP-DE65HR8" failures="0" tests="2" name="groupingInTestNG.TestGroping1" time="0.017" errors="0" timestamp="2022-03-22T15:44:47 IST" skipped="0">
  <testcase classname="groupingInTestNG.TestGroping1" name="TC9" time="0.002"/>
  <system-out>
    <![CDATA[Running TC9]]>
  </system-out>
  <testcase classname="groupingInTestNG.TestGroping1" name="TC6" time="0.015"/>
  <system-out>
    <![CDATA[Running TC6]]>
  </system-out>
</testsuite> <!-- groupingInTestNG.TestGroping1 -->
