<?xml version="1.0" encoding="UTF-8"?>
<!-- Generated by org.testng.reporters.JUnitReportReporter -->
<testsuite hostname="DESKTOP-DE65HR8" failures="0" tests="3" name="testNgStudyKeyStudy.PriorityStudy" time="0.031" errors="0" timestamp="2022-03-21T16:55:18 IST" skipped="0">
  <testcase classname="testNgStudyKeyStudy.PriorityStudy" name="c" time="0.016"/>
  <system-out>
    <![CDATA[Runing c method ]]>
  </system-out>
  <testcase classname="testNgStudyKeyStudy.PriorityStudy" name="a" time="0.003"/>
  <system-out>
    <![CDATA[Runing A method ]]>
  </system-out>
  <testcase classname="testNgStudyKeyStudy.PriorityStudy" name="b" time="0.012"/>
  <system-out>
    <![CDATA[Runing c method ]]>
  </system-out>
</testsuite> <!-- testNgStudyKeyStudy.PriorityStudy -->
