<?xml version="1.0" encoding="UTF-8"?>
<!-- Generated by org.testng.reporters.JUnitReportReporter -->
<testsuite hostname="DESKTOP-DE65HR8" failures="0" tests="1" name="groupingInTestNG.TestGroup2" time="0.003" errors="0" timestamp="2022-03-22T15:44:47 IST" skipped="0">
  <testcase classname="groupingInTestNG.TestGroup2" name="TC1" time="0.003"/>
  <system-out>
    <![CDATA[Runing TC1 ]]>
  </system-out>
</testsuite> <!-- groupingInTestNG.TestGroup2 -->
