<?xml version="1.0" encoding="UTF-8"?>
<!-- Generated by org.testng.reporters.JUnitReportReporter -->
<testsuite hostname="DESKTOP-DE65HR8" failures="0" tests="3" name="testNgStudyKeyStudy.EnabledStudy" time="0.021" errors="0" timestamp="2022-03-21T16:43:27 IST" skipped="0">
  <testcase classname="testNgStudyKeyStudy.EnabledStudy" name="b" time="0.002"/>
  <system-out>
    <![CDATA[Runing b method ]]>
  </system-out>
  <testcase classname="testNgStudyKeyStudy.EnabledStudy" name="c" time="0.003"/>
  <system-out>
    <![CDATA[Runing c method ]]>
  </system-out>
  <testcase classname="testNgStudyKeyStudy.EnabledStudy" name="a" time="0.016"/>
  <system-out>
    <![CDATA[Runing A method ]]>
  </system-out>
</testsuite> <!-- testNgStudyKeyStudy.EnabledStudy -->
