<?xml version="1.0" encoding="UTF-8"?>
<!-- Generated by org.testng.reporters.JUnitReportReporter -->
<testsuite hostname="DESKTOP-DE65HR8" failures="0" tests="1" name="firfoxtryal.firfoxtest1st" time="98.100" errors="0" timestamp="2022-03-25T17:07:17 IST" skipped="0">
  <testcase classname="firfoxtryal.firfoxtest1st" name="mymethod" time="98.100"/>
  <system-out/>
</testsuite> <!-- firfoxtryal.firfoxtest1st -->
