<?xml version="1.0" encoding="UTF-8"?>
<!-- Generated by org.testng.reporters.JUnitReportReporter -->
<testsuite hostname="DESKTOP-DE65HR8" failures="0" tests="2" name="TestNG.annotationStudya" time="0.037" errors="0" timestamp="2022-03-21T16:22:36 IST" skipped="0">
  <testcase classname="TestNG.annotationStudya" name="validateUserId" time="0.008"/>
  <system-out>
    <![CDATA[Runing test ]]>
  </system-out>
  <testcase classname="TestNG.annotationStudya" name="sampleTest" time="0.029"/>
  <system-out>
    <![CDATA[Runing Sample Test ]]>
  </system-out>
</testsuite> <!-- TestNG.annotationStudya -->
