<?xml version="1.0" encoding="UTF-8"?>
<!-- Generated by org.testng.reporters.JUnitReportReporter -->
<testsuite hostname="DESKTOP-DE65HR8" failures="0" tests="1" name="assertsInTestNG.AssertEqualsstudy" time="0.020" errors="0" timestamp="2022-03-23T15:08:55 IST" skipped="0">
  <testcase classname="assertsInTestNG.AssertEqualsstudy" name="AssertTest1" time="0.020"/>
  <system-out/>
</testsuite> <!-- assertsInTestNG.AssertEqualsstudy -->
