<?xml version="1.0" encoding="UTF-8"?>
<!-- Generated by org.testng.reporters.JUnitReportReporter -->
<testsuite hostname="DESKTOP-DE65HR8" failures="0" tests="3" name="TestNGxmlStudy.Test123" time="0.008" errors="0" timestamp="2022-03-22T15:10:48 IST" skipped="0">
  <testcase classname="TestNGxmlStudy.Test123" name="TC6" time="0.003"/>
  <system-out>
    <![CDATA[Running TC6]]>
  </system-out>
  <testcase classname="TestNGxmlStudy.Test123" name="TC10" time="0.003"/>
  <system-out>
    <![CDATA[Running TC10]]>
  </system-out>
  <testcase classname="TestNGxmlStudy.Test123" name="TC9" time="0.002"/>
  <system-out>
    <![CDATA[Running TC9]]>
  </system-out>
</testsuite> <!-- TestNGxmlStudy.Test123 -->
