<?xml version="1.0" encoding="UTF-8"?>
<!-- Generated by org.testng.reporters.JUnitReportReporter -->
<testsuite hostname="DESKTOP-DE65HR8" failures="0" tests="3" name="TestNG.annotationStudy1" time="0.024" errors="0" timestamp="2022-03-21T16:27:16 IST" skipped="0">
  <testcase classname="TestNG.annotationStudy1" name="b" time="0.003"/>
  <system-out>
    <![CDATA[Runing b method ]]>
  </system-out>
  <testcase classname="TestNG.annotationStudy1" name="c" time="0.004"/>
  <system-out>
    <![CDATA[Runing c method ]]>
  </system-out>
  <testcase classname="TestNG.annotationStudy1" name="a" time="0.017"/>
  <system-out>
    <![CDATA[Runing A method ]]>
  </system-out>
</testsuite> <!-- TestNG.annotationStudy1 -->
