<?xml version="1.0" encoding="UTF-8"?>
<!-- Generated by org.testng.reporters.JUnitReportReporter -->
<testsuite hostname="DESKTOP-DE65HR8" failures="0" tests="1" name="TestNG.Myclass" time="0.022" errors="0" timestamp="2022-03-17T16:31:23 IST" skipped="0">
  <testcase classname="TestNG.Myclass" name="f" time="0.022"/>
  <system-out/>
</testsuite> <!-- TestNG.Myclass -->
