<?xml version="1.0" encoding="UTF-8"?>
<!-- Generated by org.testng.reporters.JUnitReportReporter -->
<testsuite hostname="DESKTOP-DE65HR8" failures="0" tests="1" name="assertsInTestNG.AssertTruestudy" time="0.017" errors="0" timestamp="2022-03-23T15:21:11 IST" skipped="0">
  <testcase classname="assertsInTestNG.AssertTruestudy" name="testing" time="0.017"/>
  <system-out/>
</testsuite> <!-- assertsInTestNG.AssertTruestudy -->
