<?xml version="1.0" encoding="UTF-8"?>
<!-- Generated by org.testng.reporters.JUnitReportReporter -->
<testsuite hostname="DESKTOP-DE65HR8" failures="0" tests="2" name="TestNGxmlStudy.Myclass" time="0.020" errors="0" timestamp="2022-03-22T15:10:48 IST" skipped="0">
  <testcase classname="TestNGxmlStudy.Myclass" name="TC3" time="0.019"/>
  <system-out>
    <![CDATA[Running TC3]]>
  </system-out>
  <testcase classname="TestNGxmlStudy.Myclass" name="TC4" time="0.001"/>
  <system-out>
    <![CDATA[Running TC4]]>
  </system-out>
</testsuite> <!-- TestNGxmlStudy.Myclass -->
