<?xml version="1.0" encoding="UTF-8"?>
<!-- Generated by org.testng.reporters.JUnitReportReporter -->
<testsuite hostname="DESKTOP-DE65HR8" failures="0" tests="2" name="TestNG.MyTest" time="0.017" errors="0" timestamp="2022-03-18T15:56:34 IST" skipped="0">
  <testcase classname="TestNG.MyTest" name="MyMethod2" time="0.004"/>
  <system-out>
    <![CDATA[well come to test NG12]]>
  </system-out>
  <testcase classname="TestNG.MyTest" name="MyMethod1" time="0.013"/>
  <system-out/>
</testsuite> <!-- TestNG.MyTest -->
