<?xml version="1.0" encoding="UTF-8"?>
<!-- Generated by org.testng.reporters.JUnitReportReporter -->
<testsuite hostname="DESKTOP-DE65HR8" failures="0" tests="3" name="testNgStudyKeyStudy.dependsOnMethod" time="2.034" errors="0" timestamp="2022-03-21T16:38:09 IST" skipped="0">
  <testcase classname="testNgStudyKeyStudy.dependsOnMethod" name="a" time="0.002"/>
  <system-out>
    <![CDATA[Runing A method ]]>
  </system-out>
  <testcase classname="testNgStudyKeyStudy.dependsOnMethod" name="b" time="0.015"/>
  <system-out>
    <![CDATA[Runing A method ]]>
  </system-out>
  <testcase classname="testNgStudyKeyStudy.dependsOnMethod" name="c" time="2.017"/>
  <system-out>
    <![CDATA[Runing c method ]]>
  </system-out>
</testsuite> <!-- testNgStudyKeyStudy.dependsOnMethod -->
