<?xml version="1.0" encoding="UTF-8"?>
<!-- Generated by org.testng.reporters.JUnitReportReporter -->
<testsuite hostname="DESKTOP-DE65HR8" failures="0" tests="3" name="testNgStudyKeyStudy.InvocationCountStudy" time="0.019" errors="0" timestamp="2022-03-21T16:49:42 IST" skipped="0">
  <testcase classname="testNgStudyKeyStudy.InvocationCountStudy" name="a" time="0.003"/>
  <system-out>
    <![CDATA[Runing A method ]]>
  </system-out>
  <testcase classname="testNgStudyKeyStudy.InvocationCountStudy" name="a" time="0.014"/>
  <system-out>
    <![CDATA[Runing A method ]]>
  </system-out>
  <testcase classname="testNgStudyKeyStudy.InvocationCountStudy" name="a" time="0.002"/>
  <system-out>
    <![CDATA[Runing A method ]]>
  </system-out>
</testsuite> <!-- testNgStudyKeyStudy.InvocationCountStudy -->
