<?xml version="1.0" encoding="UTF-8"?>
<!-- Generated by org.testng.reporters.JUnitReportReporter -->
<testsuite hostname="DESKTOP-DE65HR8" failures="0" tests="1" name="assertsInTestNG.AssertNotstudy" time="0.016" errors="0" timestamp="2022-03-23T15:32:05 IST" skipped="0">
  <testcase classname="assertsInTestNG.AssertNotstudy" name="f" time="0.016"/>
  <system-out/>
</testsuite> <!-- assertsInTestNG.AssertNotstudy -->
