<?xml version="1.0" encoding="UTF-8"?>
<!-- Generated by org.testng.reporters.JUnitReportReporter -->
<testsuite hostname="DESKTOP-DE65HR8" failures="0" tests="1" name="assertsInTestNG.AssertNotEqualStudy" time="0.016" errors="0" timestamp="2022-03-23T15:14:41 IST" skipped="0">
  <testcase classname="assertsInTestNG.AssertNotEqualStudy" name="AssertTest" time="0.016"/>
  <system-out/>
</testsuite> <!-- assertsInTestNG.AssertNotEqualStudy -->
